<?xml version="1.0" encoding="UTF-8"?>
<testsuite name="SimpleTest" tests="1" skipped="0" failures="0" errors="0" timestamp="2020-05-17T15:04:45" hostname="MacBook-Air-Artem-2.local" time="0.004">
  <properties/>
  <testcase name="test1" classname="SimpleTest" time="0.004"/>
  <system-out><![CDATA[Test 1 works
]]></system-out>
  <system-err><![CDATA[]]></system-err>
</testsuite>
